  [1m[36m (9.9ms)[0m  [1mCREATE TABLE "schema_migrations" ("version" varchar NOT NULL) [0m
  [1m[35m (0.4ms)[0m  select sqlite_version(*)
  [1m[36m (17.3ms)[0m  [1mCREATE UNIQUE INDEX "unique_schema_migrations" ON "schema_migrations" ("version")[0m
  [1m[35mActiveRecord::SchemaMigration Load (5.3ms)[0m  SELECT "schema_migrations".* FROM "schema_migrations"
Migrating to CreateTimeBlocks (20160418015240)
  [1m[36m (0.1ms)[0m  [1mbegin transaction[0m
  [1m[35m (8.9ms)[0m  CREATE TABLE "time_blocks" ("id" INTEGER PRIMARY KEY AUTOINCREMENT NOT NULL, "day" date, "when" time, "meeting" boolean, "created_at" datetime NOT NULL, "updated_at" datetime NOT NULL) 
  [1m[36mSQL (0.5ms)[0m  [1mINSERT INTO "schema_migrations" ("version") VALUES (?)[0m  [["version", "20160418015240"]]
  [1m[35m (4.6ms)[0m  commit transaction
Migrating to AddEndDaytoTimeBlock (20160418021547)
  [1m[36m (0.1ms)[0m  [1mbegin transaction[0m
  [1m[35mSQL (7.8ms)[0m  INSERT INTO "schema_migrations" ("version") VALUES (?)  [["version", "20160418021547"]]
  [1m[36m (5.9ms)[0m  [1mcommit transaction[0m
Migrating to AddEndTimetoTimeBlock (20160418021638)
  [1m[35m (0.1ms)[0m  begin transaction
  [1m[36mSQL (7.3ms)[0m  [1mINSERT INTO "schema_migrations" ("version") VALUES (?)[0m  [["version", "20160418021638"]]
  [1m[35m (4.3ms)[0m  commit transaction
  [1m[36mActiveRecord::SchemaMigration Load (2.2ms)[0m  [1mSELECT "schema_migrations".* FROM "schema_migrations"[0m
  [1m[36mActiveRecord::SchemaMigration Load (6.2ms)[0m  [1mSELECT "schema_migrations".* FROM "schema_migrations"[0m
Migrating to CreateEvents (20160424233335)
  [1m[35m (0.3ms)[0m  begin transaction
  [1m[36m (22.8ms)[0m  [1mCREATE TABLE "events" ("id" INTEGER PRIMARY KEY AUTOINCREMENT NOT NULL, "event_name" varchar, "event_description" varchar, "creator" varchar, "start_day" date, "end_day" date, "start_time" time, "end_time" time, "created_at" datetime NOT NULL, "updated_at" datetime NOT NULL) [0m
  [1m[35mSQL (2.6ms)[0m  INSERT INTO "schema_migrations" ("version") VALUES (?)  [["version", "20160424233335"]]
  [1m[36m (11.3ms)[0m  [1mcommit transaction[0m
  [1m[35mActiveRecord::SchemaMigration Load (7.6ms)[0m  SELECT "schema_migrations".* FROM "schema_migrations"
  [1m[36mActiveRecord::SchemaMigration Load (8.2ms)[0m  [1mSELECT "schema_migrations".* FROM "schema_migrations"[0m
Migrating to AddWindowToEvents (20160424234926)
  [1m[35m (0.4ms)[0m  begin transaction
  [1m[36m (17.8ms)[0m  [1mALTER TABLE "events" ADD "begin" date[0m
  [1m[35m (1.2ms)[0m  ALTER TABLE "events" ADD "end" date
  [1m[36mSQL (4.7ms)[0m  [1mINSERT INTO "schema_migrations" ("version") VALUES (?)[0m  [["version", "20160424234926"]]
  [1m[35m (17.4ms)[0m  commit transaction
  [1m[36mActiveRecord::SchemaMigration Load (6.8ms)[0m  [1mSELECT "schema_migrations".* FROM "schema_migrations"[0m
  [1m[36mActiveRecord::SchemaMigration Load (7.6ms)[0m  [1mSELECT "schema_migrations".* FROM "schema_migrations"[0m
Migrating to DeviseCreateUsers (20160424235448)
  [1m[35m (0.4ms)[0m  begin transaction
  [1m[36m (22.3ms)[0m  [1mCREATE TABLE "users" ("id" INTEGER PRIMARY KEY AUTOINCREMENT NOT NULL, "email" varchar DEFAULT '' NOT NULL, "encrypted_password" varchar DEFAULT '' NOT NULL, "reset_password_token" varchar, "reset_password_sent_at" datetime, "remember_created_at" datetime, "sign_in_count" integer DEFAULT 0 NOT NULL, "current_sign_in_at" datetime, "last_sign_in_at" datetime, "current_sign_in_ip" varchar, "last_sign_in_ip" varchar, "created_at" datetime NOT NULL, "updated_at" datetime NOT NULL) [0m
  [1m[35m (0.3ms)[0m  select sqlite_version(*)
  [1m[36m (5.0ms)[0m  [1mCREATE UNIQUE INDEX "index_users_on_email" ON "users" ("email")[0m
  [1m[35m (2.6ms)[0m              SELECT sql
            FROM sqlite_master
            WHERE name='index_users_on_email' AND type='index'
            UNION ALL
            SELECT sql
            FROM sqlite_temp_master
            WHERE name='index_users_on_email' AND type='index'

  [1m[36m (3.5ms)[0m  [1mCREATE UNIQUE INDEX "index_users_on_reset_password_token" ON "users" ("reset_password_token")[0m
  [1m[35mSQL (3.1ms)[0m  INSERT INTO "schema_migrations" ("version") VALUES (?)  [["version", "20160424235448"]]
  [1m[36m (14.8ms)[0m  [1mcommit transaction[0m
  [1m[35mActiveRecord::SchemaMigration Load (6.7ms)[0m  SELECT "schema_migrations".* FROM "schema_migrations"
  [1m[36m (8.8ms)[0m  [1m            SELECT sql
            FROM sqlite_master
            WHERE name='index_users_on_reset_password_token' AND type='index'
            UNION ALL
            SELECT sql
            FROM sqlite_temp_master
            WHERE name='index_users_on_reset_password_token' AND type='index'
[0m
  [1m[35m (7.5ms)[0m              SELECT sql
            FROM sqlite_master
            WHERE name='index_users_on_email' AND type='index'
            UNION ALL
            SELECT sql
            FROM sqlite_temp_master
            WHERE name='index_users_on_email' AND type='index'

